<?xml version="1.0" encoding="UTF-8"?>
<!-- Generated by org.testng.reporters.JUnitReportReporter -->
<testsuite skipped="0" hostname="HPEliteBook" name="testngdemo.DataProviderDemo" tests="4" failures="0" timestamp="2023-01-18T23:31:53 SGT" time="0.010" errors="0">
  <testcase name="login_demo" time="0.002" classname="testngdemo.DataProviderDemo"/>
  <system-out/>
  <testcase name="login_demo" time="0.005" classname="testngdemo.DataProviderDemo"/>
  <system-out/>
  <testcase name="login_demo" time="0.002" classname="testngdemo.DataProviderDemo"/>
  <system-out/>
  <testcase name="login_demo" time="0.001" classname="testngdemo.DataProviderDemo"/>
  <system-out/>
</testsuite> <!-- testngdemo.DataProviderDemo -->
