<?xml version="1.0" encoding="UTF-8"?>
<!-- Generated by org.testng.reporters.JUnitReportReporter -->
<testsuite skipped="0" hostname="HPEliteBook" name="testngdemo.TestPriority" tests="4" failures="0" timestamp="2023-01-17T23:00:02 SGT" time="0.011" errors="0">
  <testcase name="testcase001" time="0.007" classname="testngdemo.TestPriority"/>
  <system-out/>
  <testcase name="testcase006" time="0.002" classname="testngdemo.TestPriority"/>
  <system-out/>
  <testcase name="testcase003" time="0.001" classname="testngdemo.TestPriority"/>
  <system-out/>
  <testcase name="testcase002" time="0.001" classname="testngdemo.TestPriority"/>
  <system-out/>
</testsuite> <!-- testngdemo.TestPriority -->
