<?xml version="1.0" encoding="UTF-8"?>
<!-- Generated by org.testng.reporters.JUnitReportReporter -->
<testsuite skipped="0" hostname="HPEliteBook" name="testngdemo.TestParallel" tests="100" failures="0" timestamp="2023-01-17T23:05:42 SGT" time="103.300" errors="0">
  <testcase name="testcase003" time="1.041" classname="testngdemo.TestParallel"/>
  <system-out/>
  <testcase name="testcase003" time="1.033" classname="testngdemo.TestParallel"/>
  <system-out/>
  <testcase name="testcase003" time="1.052" classname="testngdemo.TestParallel"/>
  <system-out/>
  <testcase name="testcase003" time="1.039" classname="testngdemo.TestParallel"/>
  <system-out/>
  <testcase name="testcase003" time="1.052" classname="testngdemo.TestParallel"/>
  <system-out/>
  <testcase name="testcase003" time="1.004" classname="testngdemo.TestParallel"/>
  <system-out/>
  <testcase name="testcase003" time="1.019" classname="testngdemo.TestParallel"/>
  <system-out/>
  <testcase name="testcase003" time="1.037" classname="testngdemo.TestParallel"/>
  <system-out/>
  <testcase name="testcase003" time="1.016" classname="testngdemo.TestParallel"/>
  <system-out/>
  <testcase name="testcase003" time="1.038" classname="testngdemo.TestParallel"/>
  <system-out/>
  <testcase name="testcase003" time="1.034" classname="testngdemo.TestParallel"/>
  <system-out/>
  <testcase name="testcase003" time="1.002" classname="testngdemo.TestParallel"/>
  <system-out/>
  <testcase name="testcase003" time="1.036" classname="testngdemo.TestParallel"/>
  <system-out/>
  <testcase name="testcase003" time="1.052" classname="testngdemo.TestParallel"/>
  <system-out/>
  <testcase name="testcase003" time="1.035" classname="testngdemo.TestParallel"/>
  <system-out/>
  <testcase name="testcase003" time="1.030" classname="testngdemo.TestParallel"/>
  <system-out/>
  <testcase name="testcase003" time="1.034" classname="testngdemo.TestParallel"/>
  <system-out/>
  <testcase name="testcase003" time="1.053" classname="testngdemo.TestParallel"/>
  <system-out/>
  <testcase name="testcase003" time="1.050" classname="testngdemo.TestParallel"/>
  <system-out/>
  <testcase name="testcase003" time="1.005" classname="testngdemo.TestParallel"/>
  <system-out/>
  <testcase name="testcase003" time="1.035" classname="testngdemo.TestParallel"/>
  <system-out/>
  <testcase name="testcase003" time="1.008" classname="testngdemo.TestParallel"/>
  <system-out/>
  <testcase name="testcase003" time="1.050" classname="testngdemo.TestParallel"/>
  <system-out/>
  <testcase name="testcase003" time="1.034" classname="testngdemo.TestParallel"/>
  <system-out/>
  <testcase name="testcase003" time="1.035" classname="testngdemo.TestParallel"/>
  <system-out/>
  <testcase name="testcase003" time="1.051" classname="testngdemo.TestParallel"/>
  <system-out/>
  <testcase name="testcase003" time="1.018" classname="testngdemo.TestParallel"/>
  <system-out/>
  <testcase name="testcase003" time="1.052" classname="testngdemo.TestParallel"/>
  <system-out/>
  <testcase name="testcase003" time="1.006" classname="testngdemo.TestParallel"/>
  <system-out/>
  <testcase name="testcase003" time="1.053" classname="testngdemo.TestParallel"/>
  <system-out/>
  <testcase name="testcase003" time="1.005" classname="testngdemo.TestParallel"/>
  <system-out/>
  <testcase name="testcase003" time="1.035" classname="testngdemo.TestParallel"/>
  <system-out/>
  <testcase name="testcase003" time="1.038" classname="testngdemo.TestParallel"/>
  <system-out/>
  <testcase name="testcase003" time="1.051" classname="testngdemo.TestParallel"/>
  <system-out/>
  <testcase name="testcase003" time="1.011" classname="testngdemo.TestParallel"/>
  <system-out/>
  <testcase name="testcase003" time="1.056" classname="testngdemo.TestParallel"/>
  <system-out/>
  <testcase name="testcase003" time="1.034" classname="testngdemo.TestParallel"/>
  <system-out/>
  <testcase name="testcase003" time="1.040" classname="testngdemo.TestParallel"/>
  <system-out/>
  <testcase name="testcase003" time="1.054" classname="testngdemo.TestParallel"/>
  <system-out/>
  <testcase name="testcase003" time="1.033" classname="testngdemo.TestParallel"/>
  <system-out/>
  <testcase name="testcase003" time="1.033" classname="testngdemo.TestParallel"/>
  <system-out/>
  <testcase name="testcase003" time="1.035" classname="testngdemo.TestParallel"/>
  <system-out/>
  <testcase name="testcase003" time="1.005" classname="testngdemo.TestParallel"/>
  <system-out/>
  <testcase name="testcase003" time="1.052" classname="testngdemo.TestParallel"/>
  <system-out/>
  <testcase name="testcase003" time="1.053" classname="testngdemo.TestParallel"/>
  <system-out/>
  <testcase name="testcase003" time="1.010" classname="testngdemo.TestParallel"/>
  <system-out/>
  <testcase name="testcase003" time="1.034" classname="testngdemo.TestParallel"/>
  <system-out/>
  <testcase name="testcase003" time="1.033" classname="testngdemo.TestParallel"/>
  <system-out/>
  <testcase name="testcase003" time="1.028" classname="testngdemo.TestParallel"/>
  <system-out/>
  <testcase name="testcase003" time="1.036" classname="testngdemo.TestParallel"/>
  <system-out/>
  <testcase name="testcase003" time="1.015" classname="testngdemo.TestParallel"/>
  <system-out/>
  <testcase name="testcase003" time="1.034" classname="testngdemo.TestParallel"/>
  <system-out/>
  <testcase name="testcase003" time="1.033" classname="testngdemo.TestParallel"/>
  <system-out/>
  <testcase name="testcase003" time="1.053" classname="testngdemo.TestParallel"/>
  <system-out/>
  <testcase name="testcase003" time="1.003" classname="testngdemo.TestParallel"/>
  <system-out/>
  <testcase name="testcase003" time="1.036" classname="testngdemo.TestParallel"/>
  <system-out/>
  <testcase name="testcase003" time="1.036" classname="testngdemo.TestParallel"/>
  <system-out/>
  <testcase name="testcase003" time="1.040" classname="testngdemo.TestParallel"/>
  <system-out/>
  <testcase name="testcase003" time="1.037" classname="testngdemo.TestParallel"/>
  <system-out/>
  <testcase name="testcase003" time="1.050" classname="testngdemo.TestParallel"/>
  <system-out/>
  <testcase name="testcase003" time="1.009" classname="testngdemo.TestParallel"/>
  <system-out/>
  <testcase name="testcase003" time="1.039" classname="testngdemo.TestParallel"/>
  <system-out/>
  <testcase name="testcase003" time="1.035" classname="testngdemo.TestParallel"/>
  <system-out/>
  <testcase name="testcase003" time="1.034" classname="testngdemo.TestParallel"/>
  <system-out/>
  <testcase name="testcase003" time="1.019" classname="testngdemo.TestParallel"/>
  <system-out/>
  <testcase name="testcase003" time="1.018" classname="testngdemo.TestParallel"/>
  <system-out/>
  <testcase name="testcase003" time="1.032" classname="testngdemo.TestParallel"/>
  <system-out/>
  <testcase name="testcase003" time="1.009" classname="testngdemo.TestParallel"/>
  <system-out/>
  <testcase name="testcase003" time="1.052" classname="testngdemo.TestParallel"/>
  <system-out/>
  <testcase name="testcase003" time="1.009" classname="testngdemo.TestParallel"/>
  <system-out/>
  <testcase name="testcase003" time="1.038" classname="testngdemo.TestParallel"/>
  <system-out/>
  <testcase name="testcase003" time="1.011" classname="testngdemo.TestParallel"/>
  <system-out/>
  <testcase name="testcase003" time="1.035" classname="testngdemo.TestParallel"/>
  <system-out/>
  <testcase name="testcase003" time="1.052" classname="testngdemo.TestParallel"/>
  <system-out/>
  <testcase name="testcase003" time="1.033" classname="testngdemo.TestParallel"/>
  <system-out/>
  <testcase name="testcase003" time="1.034" classname="testngdemo.TestParallel"/>
  <system-out/>
  <testcase name="testcase003" time="1.032" classname="testngdemo.TestParallel"/>
  <system-out/>
  <testcase name="testcase003" time="1.017" classname="testngdemo.TestParallel"/>
  <system-out/>
  <testcase name="testcase003" time="1.049" classname="testngdemo.TestParallel"/>
  <system-out/>
  <testcase name="testcase003" time="1.054" classname="testngdemo.TestParallel"/>
  <system-out/>
  <testcase name="testcase003" time="1.039" classname="testngdemo.TestParallel"/>
  <system-out/>
  <testcase name="testcase003" time="1.056" classname="testngdemo.TestParallel"/>
  <system-out/>
  <testcase name="testcase003" time="1.026" classname="testngdemo.TestParallel"/>
  <system-out/>
  <testcase name="testcase003" time="1.018" classname="testngdemo.TestParallel"/>
  <system-out/>
  <testcase name="testcase003" time="1.006" classname="testngdemo.TestParallel"/>
  <system-out/>
  <testcase name="testcase003" time="1.036" classname="testngdemo.TestParallel"/>
  <system-out/>
  <testcase name="testcase003" time="1.038" classname="testngdemo.TestParallel"/>
  <system-out/>
  <testcase name="testcase003" time="1.003" classname="testngdemo.TestParallel"/>
  <system-out/>
  <testcase name="testcase003" time="1.039" classname="testngdemo.TestParallel"/>
  <system-out/>
  <testcase name="testcase003" time="1.050" classname="testngdemo.TestParallel"/>
  <system-out/>
  <testcase name="testcase003" time="1.037" classname="testngdemo.TestParallel"/>
  <system-out/>
  <testcase name="testcase003" time="1.035" classname="testngdemo.TestParallel"/>
  <system-out/>
  <testcase name="testcase003" time="1.035" classname="testngdemo.TestParallel"/>
  <system-out/>
  <testcase name="testcase003" time="1.034" classname="testngdemo.TestParallel"/>
  <system-out/>
  <testcase name="testcase003" time="1.052" classname="testngdemo.TestParallel"/>
  <system-out/>
  <testcase name="testcase003" time="1.008" classname="testngdemo.TestParallel"/>
  <system-out/>
  <testcase name="testcase003" time="1.034" classname="testngdemo.TestParallel"/>
  <system-out/>
  <testcase name="testcase003" time="1.034" classname="testngdemo.TestParallel"/>
  <system-out/>
  <testcase name="testcase003" time="1.057" classname="testngdemo.TestParallel"/>
  <system-out/>
  <testcase name="testcase003" time="1.035" classname="testngdemo.TestParallel"/>
  <system-out/>
</testsuite> <!-- testngdemo.TestParallel -->
