<?xml version="1.0" encoding="UTF-8"?>
<!-- Generated by org.testng.reporters.JUnitReportReporter -->
<testsuite skipped="0" hostname="HPEliteBook" name="testngdemo.TestTimeout" tests="1" failures="0" timestamp="2023-01-17T23:09:05 SGT" time="0.129" errors="0">
  <testcase name="testcase003" time="0.129" classname="testngdemo.TestTimeout"/>
  <system-out/>
</testsuite> <!-- testngdemo.TestTimeout -->
