<?xml version="1.0" encoding="UTF-8"?>
<!-- Generated by org.testng.reporters.JUnitReportReporter -->
<testsuite skipped="0" hostname="HPEliteBook" name="testngdemo.NewTest" tests="2" failures="0" timestamp="2023-01-17T22:51:57 SGT" time="0.010" errors="0">
  <testcase name="testcase001" time="0.009" classname="testngdemo.NewTest"/>
  <system-out/>
  <testcase name="testcase002" time="0.001" classname="testngdemo.NewTest"/>
  <system-out/>
</testsuite> <!-- testngdemo.NewTest -->
