<?xml version="1.0" encoding="UTF-8"?>
<!-- Generated by org.testng.reporters.JUnitReportReporter -->
<testsuite skipped="0" hostname="HPEliteBook" name="testngdemo.TestNGDemo" tests="1" failures="0" timestamp="2023-01-19T23:31:20 SGT" time="1.022" errors="0">
  <testcase name="testcase004" time="1.022" classname="testngdemo.TestNGDemo"/>
  <system-out/>
</testsuite> <!-- testngdemo.TestNGDemo -->
