<?xml version="1.0" encoding="UTF-8"?>
<!-- Generated by org.testng.reporters.JUnitReportReporter -->
<testsuite skipped="0" hostname="HPEliteBook" name="testngdemo.TestNGDemo" tests="5" failures="0" timestamp="2023-01-18T23:21:17 SGT" time="5.048" errors="0">
  <testcase name="testcase002" time="1.015" classname="testngdemo.TestNGDemo"/>
  <system-out/>
  <testcase name="testcase001" time="1.019" classname="testngdemo.TestNGDemo"/>
  <system-out/>
  <testcase name="testcase004" time="1.007" classname="testngdemo.TestNGDemo"/>
  <system-out/>
  <testcase name="testcase003" time="1.005" classname="testngdemo.TestNGDemo"/>
  <system-out/>
  <testcase name="testcase005" time="1.002" classname="testngdemo.TestNGDemo"/>
  <system-out/>
</testsuite> <!-- testngdemo.TestNGDemo -->
